<?xml version="1.0" encoding="UTF-8"?>
<!-- Generated by org.testng.reporters.JUnitReportReporter -->
<testsuite hostname="MacBook-Pro.local" failures="0" tests="1" name="selWithExpMaven.SwitchingWindows" time="5.782" errors="0" timestamp="2022-09-09T12:32:06 PDT" skipped="0">
  <testcase classname="selWithExpMaven.SwitchingWindows" name="switchWin" time="5.782"/>
  <system-out/>
</testsuite> <!-- selWithExpMaven.SwitchingWindows -->
