<?xml version="1.0" encoding="UTF-8"?>
<!-- Generated by org.testng.reporters.JUnitReportReporter -->
<testsuite hostname="MacBook-Pro.local" failures="0" tests="2" name="selWithExpMaven.HandlingCaptcha" time="20.832" errors="0" timestamp="2022-09-11T09:50:28 PDT" skipped="0">
  <testcase classname="selWithExpMaven.HandlingCaptcha" name="captcha1" time="3.417"/>
  <system-out/>
  <testcase classname="selWithExpMaven.HandlingCaptcha" name="captcha2" time="17.415"/>
  <system-out/>
</testsuite> <!-- selWithExpMaven.HandlingCaptcha -->
