<?xml version="1.0" encoding="UTF-8"?>
<!-- Generated by org.testng.reporters.JUnitReportReporter -->
<testsuite hostname="MacBook-Pro.local" failures="0" tests="2" name="selWithExpMaven.HandlingCaptcha" time="21.945" errors="0" timestamp="2022-09-12T15:40:30 PDT" skipped="0">
  <testcase classname="selWithExpMaven.HandlingCaptcha" name="captcha2" time="17.503"/>
  <system-out/>
  <testcase classname="selWithExpMaven.HandlingCaptcha" name="captcha1" time="4.442"/>
  <system-out/>
</testsuite> <!-- selWithExpMaven.HandlingCaptcha -->
