<?xml version="1.0" encoding="UTF-8"?>
<!-- Generated by org.testng.reporters.JUnitReportReporter -->
<testsuite hostname="MacBook-Pro.local" failures="0" tests="1" name="selWithExpMaven.SwitchingWindows" time="3.482" errors="0" timestamp="2022-09-12T15:40:30 PDT" skipped="0">
  <testcase classname="selWithExpMaven.SwitchingWindows" name="switchWin" time="3.482"/>
  <system-out/>
</testsuite> <!-- selWithExpMaven.SwitchingWindows -->
